This is pdfTeX, Version 3.1415926-1.40.10 (TeX Live 2009/Debian) (format=pdflatex 2012.4.27)  13 JUL 2013 22:11
entering extended mode
 %&-line parsing enabled.
**Project
(./Project.tex
LaTeX2e <2009/09/24>
Babel <v3.8l> and hyphenation patterns for english, usenglishmax, dumylang, noh
yphenation, loaded.
(/usr/share/texmf-texlive/tex/latex/ntgclass/artikel3.cls
Document Class: artikel3 2004/06/07 v2.1a NTG LaTeX document class
(/usr/share/texmf-texlive/tex/latex/ntgclass/ntg12.clo
File: ntg12.clo 2004/06/07 v2.1a NTG LaTeX file (size option)
)
\unitindent=\dimen102
\othermargin=\dimen103
\c@part=\count79
\c@section=\count80
\c@subsection=\count81
\c@subsubsection=\count82
\c@paragraph=\count83
\c@subparagraph=\count84
\c@figure=\count85
\c@table=\count86
\abovecaptionskip=\skip41
\belowcaptionskip=\skip42
LaTeX Info: Redefining \em on input line 745.
\bibindent=\dimen104
) (./rit-cs-capstone.sty
Document Style Option `rit-cs-capstone, rkr version 1.04 <June 04, 2011>.

! LaTeX Error: The `rit-cs-capstone option should be used with the `report' doc
ument style.

See the LaTeX manual or LaTeX Companion for explanation.
Type  H <return>  for immediate help.
 ...                                              
                                                  
l.101 rit-cs-capstone documentation.}}{}
                                        
? x
 
Here is how much of TeX's memory you used:
 279 strings out of 495061
 3310 string characters out of 1182621
 49052 words of memory out of 3000000
 3541 multiletter control sequences out of 15000+50000
 3938 words of font info for 15 fonts, out of 3000000 for 9000
 28 hyphenation exceptions out of 8191
 22i,1n,19p,145b,41s stack positions out of 5000i,500n,10000p,200000b,50000s
No pages of output.
PDF statistics:
 0 PDF objects out of 1000 (max. 8388607)
 0 named destinations out of 1000 (max. 500000)
 1 words of extra memory for PDF output out of 10000 (max. 10000000)

