\BOOKMARK [0][-]{chapter*.1}{Abstract}{}
\BOOKMARK [0][-]{chapter.1}{Introduction}{}
\BOOKMARK [1][-]{section.1.1}{Cryptographic Hash Functions}{chapter.1}
\BOOKMARK [1][-]{section.1.2}{The need for cryptographic hash function}{chapter.1}
\BOOKMARK [1][-]{section.1.3}{Standards and NIST Competition}{chapter.1}
\BOOKMARK [2][-]{subsection.1.3.1}{Secure Hashing Algorithm\(SHA\)-0 and SHA-1}{section.1.3}
\BOOKMARK [2][-]{subsection.1.3.2}{SHA-2}{section.1.3}
\BOOKMARK [2][-]{subsection.1.3.3}{NIST competition and SHA-3}{section.1.3}
\BOOKMARK [0][-]{chapter.2}{Background}{}
\BOOKMARK [1][-]{section.2.1}{Hashing}{chapter.2}
\BOOKMARK [2][-]{subsection.2.1.1}{Properties of an ideal hash function}{section.2.1}
\BOOKMARK [1][-]{section.2.2}{Security Model}{chapter.2}
\BOOKMARK [2][-]{subsection.2.2.1}{ Random Oracle }{section.2.2}
\BOOKMARK [2][-]{subsection.2.2.2}{ Birthday Paradox }{section.2.2}
\BOOKMARK [1][-]{section.2.3}{Applications}{chapter.2}
\BOOKMARK [2][-]{subsection.2.3.1}{Verification and data integrity}{section.2.3}
\BOOKMARK [2][-]{subsection.2.3.2}{Pseudo random generator function:}{section.2.3}
\BOOKMARK [0][-]{chapter.3}{SHA-3 finalists : Gr\370stl, BLAKE, and Keccak}{}
\BOOKMARK [1][-]{section.3.1}{Gr\370stl}{chapter.3}
\BOOKMARK [2][-]{subsection.3.1.1}{The hash function construction}{section.3.1}
\BOOKMARK [2][-]{subsection.3.1.2}{Design of P and Q permutations}{section.3.1}
\BOOKMARK [1][-]{section.3.2}{BLAKE}{chapter.3}
\BOOKMARK [2][-]{subsection.3.2.1}{ BLAKE-256 }{section.3.2}
\BOOKMARK [2][-]{subsection.3.2.2}{BLAKE-512}{section.3.2}
\BOOKMARK [2][-]{subsection.3.2.3}{BLAKE-224 and BLAKE-384}{section.3.2}
\BOOKMARK [1][-]{section.3.3}{Keccak}{chapter.3}
\BOOKMARK [2][-]{subsection.3.3.1}{Keccak state, sponge functions and padding}{section.3.3}
\BOOKMARK [2][-]{subsection.3.3.2}{Permutations}{section.3.3}
\BOOKMARK [0][-]{chapter.4}{Hypothesis based on Hill Climbing to find near collisions}{}
\BOOKMARK [1][-]{section.4.1}{Finding near collisions with Hill Climbing}{chapter.4}
\BOOKMARK [1][-]{section.4.2}{Hypothesis}{chapter.4}
\BOOKMARK [1][-]{section.4.3}{Design of the Experiment}{chapter.4}
\BOOKMARK [2][-]{subsection.4.3.1}{Data}{section.4.3}
\BOOKMARK [2][-]{subsection.4.3.2}{Procedure}{section.4.3}
\BOOKMARK [0][-]{chapter.5}{Research Approach and Methodology}{}
\BOOKMARK [1][-]{section.5.1}{Architecture}{chapter.5}
\BOOKMARK [1][-]{section.5.2}{Platform, Languages and Tools}{chapter.5}
\BOOKMARK [1][-]{section.5.3}{Proposed schedule}{chapter.5}
\BOOKMARK [0][-]{chapter.6}{Evaluation and expected outcomes}{}
\BOOKMARK [0][-]{Item.12}{Bibliography}{}
\BOOKMARK [0][-]{appendix.A}{Miscellaneous Proofs, Theorems and Figures}{}
